<?xml version="1.0" encoding="UTF-8"?>
<!-- Generated by org.testng.reporters.JUnitXMLReporter -->
<testsuite ignored="0" hostname="DESKTOP-8S455D7" failures="0" tests="4" name="Test" time="189.654" errors="0" timestamp="2022-01-20T11:27:49 IST">
  <testcase classname="com.crm.comcast.orgTest.CreateOrgTest" name="createOrgtest" time="50.348"/>
  <testcase classname="com.crm.comcast.contacttest.CreateContactTest" name="createconatctTest" time="39.301"/>
  <testcase classname="com.crm.comcast.orgTest.CreateOrgWithIndustriesTypeTest" name="createOrgWithIndustriesTypeTest" time="40.803"/>
  <testcase classname="com.crm.comcast.contacttest.CreateContactWithOrgTest" name="createContactWithOrgTest" time="59.091"/>
</testsuite> <!-- Test -->
