<?xml version="1.0" encoding="UTF-8"?>
<testng-results ignored="1" total="2" passed="0" failed="1" skipped="0">
  <reporter-output>
  </reporter-output>
  <suite started-at="2022-03-09T14:54:28 IST" name="Default suite" finished-at="2022-03-09T14:55:04 IST" duration-ms="35815">
    <groups>
      <group name="smokeTest">
        <method signature="ContactTest.createContact()[pri:1, instance:com.crm.comcast.contacttest.ContactTest@1b2abca6]" name="createContact" class="com.crm.comcast.contacttest.ContactTest"/>
      </group> <!-- smokeTest -->
    </groups>
    <test started-at="2022-03-09T14:54:28 IST" name="Default test" finished-at="2022-03-09T14:55:04 IST" duration-ms="35815">
      <class name="com.crm.comcast.contacttest.ContactTest">
        <test-method is-config="true" signature="configBS()[pri:0, instance:com.crm.comcast.contacttest.ContactTest@1b2abca6]" started-at="2022-03-09T14:54:28 IST" name="configBS" finished-at="2022-03-09T14:54:28 IST" duration-ms="21" status="PASS">
          <reporter-output>
          </reporter-output>
        </test-method> <!-- configBS -->
        <test-method is-config="true" signature="configBC()[pri:0, instance:com.crm.comcast.contacttest.ContactTest@1b2abca6]" started-at="2022-03-09T14:54:28 IST" name="configBC" finished-at="2022-03-09T14:54:36 IST" duration-ms="8029" status="PASS">
          <reporter-output>
          </reporter-output>
        </test-method> <!-- configBC -->
        <test-method is-config="true" signature="configBM()[pri:0, instance:com.crm.comcast.contacttest.ContactTest@1b2abca6]" started-at="2022-03-09T14:54:36 IST" name="configBM" finished-at="2022-03-09T14:54:42 IST" duration-ms="5521" status="PASS">
          <reporter-output>
          </reporter-output>
        </test-method> <!-- configBM -->
        <test-method signature="createContact()[pri:1, instance:com.crm.comcast.contacttest.ContactTest@1b2abca6]" started-at="2022-03-09T14:54:42 IST" name="createContact" finished-at="2022-03-09T14:54:44 IST" duration-ms="2442" status="FAIL">
          <exception class="java.lang.NullPointerException">
            <message>
              <![CDATA[Cannot invoke "org.apache.poi.ss.usermodel.Cell.getStringCellValue()" because the return value of "org.apache.poi.ss.usermodel.Row.getCell(int)" is null]]>
            </message>
            <full-stacktrace>
              <![CDATA[java.lang.NullPointerException: Cannot invoke "org.apache.poi.ss.usermodel.Cell.getStringCellValue()" because the return value of "org.apache.poi.ss.usermodel.Row.getCell(int)" is null
at com.crm.comcast.genericutility.ExcelUtility.getDataFromExcel(ExcelUtility.java:46)
at com.crm.comcast.contacttest.ContactTest.createContact(ContactTest.java:35)
at java.base/jdk.internal.reflect.NativeMethodAccessorImpl.invoke0(Native Method)
at java.base/jdk.internal.reflect.NativeMethodAccessorImpl.invoke(NativeMethodAccessorImpl.java:77)
at java.base/jdk.internal.reflect.DelegatingMethodAccessorImpl.invoke(DelegatingMethodAccessorImpl.java:43)
at java.base/java.lang.reflect.Method.invoke(Method.java:568)
at org.testng.internal.MethodInvocationHelper.invokeMethod(MethodInvocationHelper.java:133)
at org.testng.internal.TestInvoker.invokeMethod(TestInvoker.java:598)
at org.testng.internal.TestInvoker.invokeTestMethod(TestInvoker.java:173)
at org.testng.internal.MethodRunner.runInSequence(MethodRunner.java:46)
at org.testng.internal.TestInvoker$MethodInvocationAgent.invoke(TestInvoker.java:824)
at org.testng.internal.TestInvoker.invokeTestMethods(TestInvoker.java:146)
at org.testng.internal.TestMethodWorker.invokeTestMethods(TestMethodWorker.java:146)
at org.testng.internal.TestMethodWorker.run(TestMethodWorker.java:128)
at java.base/java.util.ArrayList.forEach(ArrayList.java:1511)
at org.testng.TestRunner.privateRun(TestRunner.java:794)
at org.testng.TestRunner.run(TestRunner.java:596)
at org.testng.SuiteRunner.runTest(SuiteRunner.java:377)
at org.testng.SuiteRunner.runSequentially(SuiteRunner.java:371)
at org.testng.SuiteRunner.privateRun(SuiteRunner.java:332)
at org.testng.SuiteRunner.run(SuiteRunner.java:276)
at org.testng.SuiteRunnerWorker.runSuite(SuiteRunnerWorker.java:53)
at org.testng.SuiteRunnerWorker.run(SuiteRunnerWorker.java:96)
at org.testng.TestNG.runSuitesSequentially(TestNG.java:1212)
at org.testng.TestNG.runSuitesLocally(TestNG.java:1134)
at org.testng.TestNG.runSuites(TestNG.java:1063)
at org.testng.TestNG.run(TestNG.java:1031)
at org.testng.remote.AbstractRemoteTestNG.run(AbstractRemoteTestNG.java:115)
at org.testng.remote.RemoteTestNG.initAndRun(RemoteTestNG.java:251)
at org.testng.remote.RemoteTestNG.main(RemoteTestNG.java:77)
]]>
            </full-stacktrace>
          </exception> <!-- java.lang.NullPointerException -->
          <reporter-output>
          </reporter-output>
        </test-method> <!-- createContact -->
        <test-method is-config="true" signature="configAM()[pri:0, instance:com.crm.comcast.contacttest.ContactTest@1b2abca6]" started-at="2022-03-09T14:54:55 IST" name="configAM" finished-at="2022-03-09T14:54:58 IST" duration-ms="3332" status="PASS">
          <reporter-output>
          </reporter-output>
        </test-method> <!-- configAM -->
        <test-method is-config="true" signature="configAC()[pri:0, instance:com.crm.comcast.contacttest.ContactTest@1b2abca6]" started-at="2022-03-09T14:54:58 IST" name="configAC" finished-at="2022-03-09T14:55:04 IST" duration-ms="5632" status="PASS">
          <reporter-output>
          </reporter-output>
        </test-method> <!-- configAC -->
        <test-method is-config="true" signature="configAS()[pri:0, instance:com.crm.comcast.contacttest.ContactTest@1b2abca6]" started-at="2022-03-09T14:55:04 IST" name="configAS" finished-at="2022-03-09T14:55:04 IST" duration-ms="1" status="PASS">
          <reporter-output>
          </reporter-output>
        </test-method> <!-- configAS -->
      </class> <!-- com.crm.comcast.contacttest.ContactTest -->
    </test> <!-- Default test -->
  </suite> <!-- Default suite -->
</testng-results>
