<?xml version="1.0" encoding="UTF-8"?>
<!-- Generated by org.testng.reporters.JUnitXMLReporter -->
<testsuite ignored="4" hostname="DESKTOP-8S455D7" failures="0" tests="2" name="Test" time="79.461" errors="0" timestamp="2022-01-21T12:30:35 IST">
  <testcase classname="com.crm.comcast.contacttest.ContactTest" name="createconatctTest" time="20.701"/>
  <testcase classname="com.crm.comcast.orgTest.OrganizationTest" name="createOrgWithIndustriesTypeTest" time="19.81"/>
  <testcase classname="com.crm.comcast.orgTest.OrganizationTest" name="createOrgtest" time="0.0">
    <ignored/>
  </testcase> <!-- createOrgtest -->
  <testcase classname="com.crm.comcast.genericutility.BaseAnnoationClass" name="@BeforeSuite configBS" time="0.0">
    <ignored/>
  </testcase> <!-- @BeforeSuite configBS -->
  <testcase classname="com.crm.comcast.contacttest.ContactTest" name="createContactWithOrgTest" time="0.0">
    <ignored/>
  </testcase> <!-- createContactWithOrgTest -->
  <testcase classname="com.crm.comcast.genericutility.BaseAnnoationClass" name="@AfterSuite configAS" time="0.0">
    <ignored/>
  </testcase> <!-- @AfterSuite configAS -->
</testsuite> <!-- Test -->
